19/01/2016 01:12:47 devpinoyLogger read from properties file successfully
19/01/2016 01:12:48 devpinoyLogger Initiallized
19/01/2016 01:12:48 devpinoyLogger Inside testcase A1
19/01/2016 01:12:48 devpinoyLogger Testdata1_A1_1--Testdata1_A1_2--Testdata1_A1_3--Testdata1_A1_4
19/01/2016 01:12:48 devpinoyLogger Inside testcase A1
19/01/2016 01:12:48 devpinoyLogger Testdata2_A1_1--Testdata2_A1_2--Testdata2_A1_3--Testdata2_A1_4
19/01/2016 01:12:48 devpinoyLogger Inside testcase A1
19/01/2016 01:12:48 devpinoyLogger Testdata3_A1_1--Testdata3_A1_2--Testdata3_A1_3--Testdata3_A1_4
19/01/2016 01:12:49 devpinoyLogger Inside testcase A2
19/01/2016 01:12:49 devpinoyLogger no data set
19/01/2016 01:12:49 devpinoyLogger Initiallized
19/01/2016 01:12:49 devpinoyLogger Inside TestcaseB1
19/01/2016 01:12:49 devpinoyLogger Testdata1_B1_1--Testdata1_B1_2--Testdata1_B1_3--Testdata1_B1_4
19/01/2016 01:12:49 devpinoyLogger TestcaseB1 Testdata row number 2 is skippped as runmode is set to N
19/01/2016 01:12:49 devpinoyLogger Inside TestcaseB1
19/01/2016 01:12:49 devpinoyLogger Testdata3_B1_1--Testdata3_B1_2--Testdata3_B1_3--Testdata3_B1_4
19/01/2016 01:12:49 devpinoyLogger Inside TestcaseB2
19/01/2016 01:12:49 devpinoyLogger Testdata1_B2_1--Testdata1_B2_2--Testdata1_B2_3--Testdata1_B2_4
19/01/2016 01:12:49 devpinoyLogger TestcaseB2 Testdata row number 2 is skippped as runmode is set to N
19/01/2016 01:12:49 devpinoyLogger Inside TestcaseB2
19/01/2016 01:12:49 devpinoyLogger Testdata3_B2_1--Testdata3_B2_2--Testdata3_B2_3--Testdata3_B2_4
